<?xml version="1.0" encoding="UTF-8"?>
<!-- Generated by org.testng.reporters.JUnitReportReporter -->
<testsuite hostname="AliAzferFamily" failures="0" tests="2" name="com.test.MultiFile" time="5.113" errors="0" timestamp="2025-08-19T18:27:00 IST" skipped="0">
  <testcase classname="com.test.MultiFile" name="SelectDropDown" time="0.890"/>
  <testcase classname="com.test.MultiFile" name="AdvanceDropDown" time="4.223"/>
</testsuite> <!-- com.test.MultiFile -->
