<?xml version="1.0" encoding="UTF-8"?>
<!-- Generated by org.testng.reporters.JUnitReportReporter -->
<testsuite hostname="AliAzferFamily" failures="0" tests="2" name="com.test.MultiFile" time="9.232" errors="0" timestamp="2025-08-14T13:49:32 IST" skipped="0">
  <testcase classname="com.test.MultiFile" name="SelectDropDown" time="3.344"/>
  <testcase classname="com.test.MultiFile" name="AdvanceDropDown" time="5.888"/>
</testsuite> <!-- com.test.MultiFile -->
